<?xml version="1.0" encoding="UTF-8"?>
<coverage generated="1529461198443" clover="3.2.0">
  <project timestamp="1529461198443" name="All files">
    <metrics statements="111" coveredstatements="101" conditionals="36" coveredconditionals="29" methods="46" coveredmethods="33" elements="193" coveredelements="163" complexity="0" loc="111" ncloc="111" packages="4" files="4" classes="4">
      <package name="actions">
        <metrics statements="25" coveredstatements="25" conditionals="0" coveredconditionals="0" methods="10" coveredmethods="10"/>
        <file name="chat-actions.js" path="/Users/aditi/Documents/Career/brokerbay/src/actions/chat-actions.js">
          <metrics statements="25" coveredstatements="25" conditionals="0" coveredconditionals="0" methods="10" coveredmethods="10"/>
          <line num="1" count="4" type="stmt"/>
          <line num="2" count="4" type="stmt"/>
          <line num="3" count="4" type="stmt"/>
          <line num="4" count="4" type="stmt"/>
          <line num="5" count="4" type="stmt"/>
          <line num="6" count="4" type="stmt"/>
          <line num="8" count="4" type="stmt"/>
          <line num="9" count="1" type="stmt"/>
          <line num="15" count="4" type="stmt"/>
          <line num="16" count="1" type="stmt"/>
          <line num="22" count="4" type="stmt"/>
          <line num="23" count="2" type="stmt"/>
          <line num="29" count="4" type="stmt"/>
          <line num="30" count="1" type="stmt"/>
          <line num="31" count="1" type="stmt"/>
          <line num="35" count="1" type="stmt"/>
          <line num="39" count="4" type="stmt"/>
          <line num="40" count="1" type="stmt"/>
          <line num="46" count="4" type="stmt"/>
          <line num="47" count="2" type="stmt"/>
          <line num="53" count="4" type="stmt"/>
          <line num="54" count="1" type="stmt"/>
          <line num="55" count="1" type="stmt"/>
          <line num="63" count="4" type="stmt"/>
          <line num="64" count="2" type="stmt"/>
        </file>
      </package>
      <package name="chat">
        <metrics statements="44" coveredstatements="37" conditionals="18" coveredconditionals="15" methods="19" coveredmethods="11"/>
        <file name="chat.js" path="/Users/aditi/Documents/Career/brokerbay/src/chat/chat.js">
          <metrics statements="44" coveredstatements="37" conditionals="18" coveredconditionals="15" methods="19" coveredmethods="11"/>
          <line num="34" count="12" type="stmt"/>
          <line num="36" count="12" type="stmt"/>
          <line num="40" count="12" type="stmt"/>
          <line num="41" count="12" type="stmt"/>
          <line num="42" count="12" type="stmt"/>
          <line num="43" count="12" type="stmt"/>
          <line num="44" count="12" type="stmt"/>
          <line num="45" count="12" type="stmt"/>
          <line num="47" count="12" type="stmt"/>
          <line num="49" count="12" type="stmt"/>
          <line num="50" count="12" type="stmt"/>
          <line num="52" count="12" type="stmt"/>
          <line num="56" count="1" type="stmt"/>
          <line num="60" count="1" type="stmt"/>
          <line num="64" count="1" type="stmt"/>
          <line num="68" count="28" type="stmt"/>
          <line num="70" count="14" type="cond" truecount="1" falsecount="1"/>
          <line num="71" count="14" type="stmt"/>
          <line num="72" count="14" type="stmt"/>
          <line num="73" count="14" type="stmt"/>
          <line num="75" count="14" type="cond" truecount="1" falsecount="1"/>
          <line num="76" count="14" type="stmt"/>
          <line num="77" count="14" type="stmt"/>
          <line num="80" count="14" type="cond" truecount="1" falsecount="1"/>
          <line num="82" count="14" type="stmt"/>
          <line num="92" count="0" type="stmt"/>
          <line num="101" count="1" type="stmt"/>
          <line num="107" count="2" type="cond" truecount="2" falsecount="0"/>
          <line num="108" count="1" type="stmt"/>
          <line num="110" count="1" type="stmt"/>
          <line num="118" count="2" type="stmt"/>
          <line num="119" count="2" type="cond" truecount="2" falsecount="0"/>
          <line num="120" count="1" type="stmt"/>
          <line num="122" count="1" type="stmt"/>
          <line num="130" count="15" type="stmt"/>
          <line num="194" count="1" type="stmt"/>
          <line num="196" count="1" type="stmt"/>
          <line num="204" count="1" type="stmt"/>
          <line num="205" count="0" type="stmt"/>
          <line num="206" count="0" type="stmt"/>
          <line num="207" count="0" type="stmt"/>
          <line num="208" count="0" type="stmt"/>
          <line num="209" count="0" type="stmt"/>
          <line num="210" count="0" type="stmt"/>
        </file>
      </package>
      <package name="conversation">
        <metrics statements="32" coveredstatements="29" conditionals="10" coveredconditionals="7" methods="16" coveredmethods="11"/>
        <file name="conversation.js" path="/Users/aditi/Documents/Career/brokerbay/src/conversation/conversation.js">
          <metrics statements="32" coveredstatements="29" conditionals="10" coveredconditionals="7" methods="16" coveredmethods="11"/>
          <line num="24" count="6" type="stmt"/>
          <line num="26" count="6" type="stmt"/>
          <line num="31" count="6" type="stmt"/>
          <line num="33" count="6" type="stmt"/>
          <line num="34" count="6" type="stmt"/>
          <line num="35" count="6" type="stmt"/>
          <line num="36" count="6" type="stmt"/>
          <line num="40" count="1" type="stmt"/>
          <line num="44" count="1" type="stmt"/>
          <line num="48" count="1" type="stmt"/>
          <line num="54" count="2" type="cond" truecount="2" falsecount="0"/>
          <line num="55" count="1" type="stmt"/>
          <line num="57" count="1" type="stmt"/>
          <line num="65" count="1" type="stmt"/>
          <line num="67" count="1" type="cond" truecount="1" falsecount="1"/>
          <line num="68" count="1" type="stmt"/>
          <line num="74" count="1" type="stmt"/>
          <line num="76" count="1" type="stmt"/>
          <line num="84" count="10" type="stmt"/>
          <line num="85" count="1" type="cond" truecount="2" falsecount="0"/>
          <line num="87" count="1" type="stmt"/>
          <line num="89" count="1" type="cond" truecount="1" falsecount="1"/>
          <line num="90" count="1" type="stmt"/>
          <line num="93" count="1" type="stmt"/>
          <line num="106" count="10" type="stmt"/>
          <line num="116" count="4" type="stmt"/>
          <line num="155" count="1" type="stmt"/>
          <line num="157" count="1" type="stmt"/>
          <line num="165" count="1" type="stmt"/>
          <line num="166" count="0" type="stmt"/>
          <line num="167" count="0" type="stmt"/>
          <line num="168" count="0" type="stmt"/>
        </file>
      </package>
      <package name="reducers">
        <metrics statements="10" coveredstatements="10" conditionals="8" coveredconditionals="7" methods="1" coveredmethods="1"/>
        <file name="chat-reducer.js" path="/Users/aditi/Documents/Career/brokerbay/src/reducers/chat-reducer.js">
          <metrics statements="10" coveredstatements="10" conditionals="8" coveredconditionals="7" methods="1" coveredmethods="1"/>
          <line num="10" count="1" type="stmt"/>
          <line num="22" count="1" type="cond" truecount="0" falsecount="1"/>
          <line num="23" count="7" type="cond" truecount="7" falsecount="0"/>
          <line num="25" count="1" type="stmt"/>
          <line num="27" count="1" type="stmt"/>
          <line num="32" count="1" type="stmt"/>
          <line num="37" count="1" type="stmt"/>
          <line num="42" count="1" type="stmt"/>
          <line num="47" count="1" type="stmt"/>
          <line num="52" count="1" type="stmt"/>
        </file>
      </package>
    </metrics>
  </project>
</coverage>
