{"/Users/aditi/Documents/Career/brokerbay/src/actions/chat-actions.js": {"path":"/Users/aditi/Documents/Career/brokerbay/src/actions/chat-actions.js","statementMap":{"0":{"start":{"line":1,"column":36},"end":{"line":1,"column":58}},"1":{"start":{"line":2,"column":31},"end":{"line":2,"column":48}},"2":{"start":{"line":3,"column":28},"end":{"line":3,"column":42}},"3":{"start":{"line":4,"column":28},"end":{"line":4,"column":42}},"4":{"start":{"line":5,"column":29},"end":{"line":5,"column":44}},"5":{"start":{"line":6,"column":31},"end":{"line":6,"column":48}},"6":{"start":{"line":8,"column":28},"end":{"line":13,"column":1}},"7":{"start":{"line":9,"column":4},"end":{"line":12,"column":6}},"8":{"start":{"line":15,"column":34},"end":{"line":20,"column":1}},"9":{"start":{"line":16,"column":4},"end":{"line":19,"column":6}},"10":{"start":{"line":22,"column":30},"end":{"line":27,"column":1}},"11":{"start":{"line":23,"column":4},"end":{"line":26,"column":6}},"12":{"start":{"line":29,"column":30},"end":{"line":37,"column":1}},"13":{"start":{"line":30,"column":4},"end":{"line":36,"column":5}},"14":{"start":{"line":31,"column":8},"end":{"line":34,"column":12}},"15":{"start":{"line":35,"column":8},"end":{"line":35,"column":43}},"16":{"start":{"line":39,"column":27},"end":{"line":44,"column":1}},"17":{"start":{"line":40,"column":4},"end":{"line":43,"column":5}},"18":{"start":{"line":46,"column":27},"end":{"line":51,"column":1}},"19":{"start":{"line":47,"column":4},"end":{"line":50,"column":6}},"20":{"start":{"line":53,"column":27},"end":{"line":61,"column":1}},"21":{"start":{"line":54,"column":4},"end":{"line":60,"column":5}},"22":{"start":{"line":55,"column":8},"end":{"line":59,"column":12}},"23":{"start":{"line":63,"column":30},"end":{"line":68,"column":1}},"24":{"start":{"line":64,"column":4},"end":{"line":67,"column":5}}},"fnMap":{"0":{"name":"(anonymous_0)","decl":{"start":{"line":8,"column":28},"end":{"line":8,"column":29}},"loc":{"start":{"line":8,"column":40},"end":{"line":13,"column":1}},"line":8},"1":{"name":"(anonymous_1)","decl":{"start":{"line":15,"column":34},"end":{"line":15,"column":35}},"loc":{"start":{"line":15,"column":44},"end":{"line":20,"column":1}},"line":15},"2":{"name":"(anonymous_2)","decl":{"start":{"line":22,"column":30},"end":{"line":22,"column":31}},"loc":{"start":{"line":22,"column":44},"end":{"line":27,"column":1}},"line":22},"3":{"name":"(anonymous_3)","decl":{"start":{"line":29,"column":30},"end":{"line":29,"column":31}},"loc":{"start":{"line":29,"column":44},"end":{"line":37,"column":1}},"line":29},"4":{"name":"(anonymous_4)","decl":{"start":{"line":30,"column":11},"end":{"line":30,"column":12}},"loc":{"start":{"line":30,"column":23},"end":{"line":36,"column":5}},"line":30},"5":{"name":"(anonymous_5)","decl":{"start":{"line":39,"column":27},"end":{"line":39,"column":28}},"loc":{"start":{"line":39,"column":38},"end":{"line":44,"column":1}},"line":39},"6":{"name":"(anonymous_6)","decl":{"start":{"line":46,"column":27},"end":{"line":46,"column":28}},"loc":{"start":{"line":46,"column":38},"end":{"line":51,"column":1}},"line":46},"7":{"name":"(anonymous_7)","decl":{"start":{"line":53,"column":27},"end":{"line":53,"column":28}},"loc":{"start":{"line":53,"column":40},"end":{"line":61,"column":1}},"line":53},"8":{"name":"(anonymous_8)","decl":{"start":{"line":54,"column":11},"end":{"line":54,"column":12}},"loc":{"start":{"line":54,"column":35},"end":{"line":60,"column":5}},"line":54},"9":{"name":"(anonymous_9)","decl":{"start":{"line":63,"column":30},"end":{"line":63,"column":31}},"loc":{"start":{"line":63,"column":46},"end":{"line":68,"column":1}},"line":63}},"branchMap":{},"s":{"0":4,"1":4,"2":4,"3":4,"4":4,"5":4,"6":4,"7":1,"8":4,"9":1,"10":4,"11":2,"12":4,"13":1,"14":1,"15":1,"16":4,"17":1,"18":4,"19":2,"20":4,"21":1,"22":1,"23":4,"24":2},"f":{"0":1,"1":1,"2":2,"3":1,"4":1,"5":1,"6":2,"7":1,"8":1,"9":2},"b":{},"_coverageSchema":"332fd63041d2c1bcb487cc26dd0d5f7d97098a6c","hash":"6bcc17cb1778c759aad6ddee36ebedbdf2b84210"}
,"/Users/aditi/Documents/Career/brokerbay/src/chat/chat.js": {"path":"/Users/aditi/Documents/Career/brokerbay/src/chat/chat.js","statementMap":{"0":{"start":{"line":34,"column":8},"end":{"line":34,"column":21}},"1":{"start":{"line":36,"column":8},"end":{"line":38,"column":10}},"2":{"start":{"line":40,"column":8},"end":{"line":40,"column":73}},"3":{"start":{"line":41,"column":8},"end":{"line":41,"column":83}},"4":{"start":{"line":42,"column":8},"end":{"line":42,"column":53}},"5":{"start":{"line":43,"column":8},"end":{"line":43,"column":71}},"6":{"start":{"line":44,"column":8},"end":{"line":44,"column":77}},"7":{"start":{"line":45,"column":8},"end":{"line":45,"column":69}},"8":{"start":{"line":47,"column":23},"end":{"line":47,"column":63}},"9":{"start":{"line":49,"column":8},"end":{"line":49,"column":65}},"10":{"start":{"line":50,"column":8},"end":{"line":50,"column":74}},"11":{"start":{"line":52,"column":8},"end":{"line":52,"column":35}},"12":{"start":{"line":56,"column":8},"end":{"line":56,"column":42}},"13":{"start":{"line":60,"column":8},"end":{"line":60,"column":43}},"14":{"start":{"line":64,"column":8},"end":{"line":64,"column":64}},"15":{"start":{"line":68,"column":29},"end":{"line":68,"column":81}},"16":{"start":{"line":68,"column":50},"end":{"line":68,"column":80}},"17":{"start":{"line":70,"column":8},"end":{"line":97,"column":9}},"18":{"start":{"line":71,"column":12},"end":{"line":90,"column":15}},"19":{"start":{"line":72,"column":31},"end":{"line":72,"column":36}},"20":{"start":{"line":73,"column":27},"end":{"line":73,"column":48}},"21":{"start":{"line":75,"column":16},"end":{"line":78,"column":17}},"22":{"start":{"line":76,"column":20},"end":{"line":76,"column":36}},"23":{"start":{"line":77,"column":20},"end":{"line":77,"column":42}},"24":{"start":{"line":80,"column":31},"end":{"line":80,"column":66}},"25":{"start":{"line":82,"column":16},"end":{"line":89,"column":18}},"26":{"start":{"line":92,"column":12},"end":{"line":96,"column":14}},"27":{"start":{"line":101,"column":8},"end":{"line":103,"column":11}},"28":{"start":{"line":107,"column":8},"end":{"line":114,"column":9}},"29":{"start":{"line":108,"column":12},"end":{"line":108,"column":59}},"30":{"start":{"line":110,"column":12},"end":{"line":113,"column":15}},"31":{"start":{"line":118,"column":8},"end":{"line":118,"column":31}},"32":{"start":{"line":119,"column":8},"end":{"line":126,"column":9}},"33":{"start":{"line":120,"column":12},"end":{"line":120,"column":104}},"34":{"start":{"line":122,"column":12},"end":{"line":125,"column":15}},"35":{"start":{"line":130,"column":8},"end":{"line":190,"column":10}},"36":{"start":{"line":194,"column":0},"end":{"line":194,"column":20}},"37":{"start":{"line":196,"column":24},"end":{"line":202,"column":2}},"38":{"start":{"line":196,"column":34},"end":{"line":202,"column":1}},"39":{"start":{"line":204,"column":27},"end":{"line":211,"column":2}},"40":{"start":{"line":204,"column":40},"end":{"line":211,"column":1}},"41":{"start":{"line":205,"column":32},"end":{"line":205,"column":66}},"42":{"start":{"line":206,"column":32},"end":{"line":206,"column":66}},"43":{"start":{"line":207,"column":26},"end":{"line":207,"column":54}},"44":{"start":{"line":208,"column":26},"end":{"line":208,"column":54}},"45":{"start":{"line":209,"column":28},"end":{"line":209,"column":58}},"46":{"start":{"line":210,"column":31},"end":{"line":210,"column":64}}},"fnMap":{"0":{"name":"(anonymous_0)","decl":{"start":{"line":33,"column":4},"end":{"line":33,"column":5}},"loc":{"start":{"line":33,"column":23},"end":{"line":53,"column":5}},"line":33},"1":{"name":"(anonymous_1)","decl":{"start":{"line":55,"column":4},"end":{"line":55,"column":5}},"loc":{"start":{"line":55,"column":35},"end":{"line":57,"column":5}},"line":55},"2":{"name":"(anonymous_2)","decl":{"start":{"line":59,"column":4},"end":{"line":59,"column":5}},"loc":{"start":{"line":59,"column":36},"end":{"line":61,"column":5}},"line":59},"3":{"name":"(anonymous_3)","decl":{"start":{"line":63,"column":4},"end":{"line":63,"column":5}},"loc":{"start":{"line":63,"column":22},"end":{"line":65,"column":5}},"line":63},"4":{"name":"(anonymous_4)","decl":{"start":{"line":67,"column":4},"end":{"line":67,"column":5}},"loc":{"start":{"line":67,"column":26},"end":{"line":98,"column":5}},"line":67},"5":{"name":"(anonymous_5)","decl":{"start":{"line":68,"column":42},"end":{"line":68,"column":43}},"loc":{"start":{"line":68,"column":50},"end":{"line":68,"column":80}},"line":68},"6":{"name":"(anonymous_6)","decl":{"start":{"line":71,"column":38},"end":{"line":71,"column":39}},"loc":{"start":{"line":71,"column":55},"end":{"line":90,"column":13}},"line":71},"7":{"name":"(anonymous_7)","decl":{"start":{"line":100,"column":4},"end":{"line":100,"column":5}},"loc":{"start":{"line":100,"column":32},"end":{"line":104,"column":5}},"line":100},"8":{"name":"(anonymous_8)","decl":{"start":{"line":106,"column":4},"end":{"line":106,"column":5}},"loc":{"start":{"line":106,"column":33},"end":{"line":115,"column":5}},"line":106},"9":{"name":"(anonymous_9)","decl":{"start":{"line":117,"column":4},"end":{"line":117,"column":5}},"loc":{"start":{"line":117,"column":37},"end":{"line":127,"column":5}},"line":117},"10":{"name":"(anonymous_10)","decl":{"start":{"line":129,"column":4},"end":{"line":129,"column":5}},"loc":{"start":{"line":129,"column":13},"end":{"line":191,"column":5}},"line":129},"11":{"name":"(anonymous_11)","decl":{"start":{"line":196,"column":24},"end":{"line":196,"column":25}},"loc":{"start":{"line":196,"column":34},"end":{"line":202,"column":1}},"line":196},"12":{"name":"(anonymous_12)","decl":{"start":{"line":204,"column":27},"end":{"line":204,"column":28}},"loc":{"start":{"line":204,"column":40},"end":{"line":211,"column":1}},"line":204},"13":{"name":"(anonymous_13)","decl":{"start":{"line":205,"column":24},"end":{"line":205,"column":25}},"loc":{"start":{"line":205,"column":32},"end":{"line":205,"column":66}},"line":205},"14":{"name":"(anonymous_14)","decl":{"start":{"line":206,"column":20},"end":{"line":206,"column":21}},"loc":{"start":{"line":206,"column":32},"end":{"line":206,"column":66}},"line":206},"15":{"name":"(anonymous_15)","decl":{"start":{"line":207,"column":17},"end":{"line":207,"column":18}},"loc":{"start":{"line":207,"column":26},"end":{"line":207,"column":54}},"line":207},"16":{"name":"(anonymous_16)","decl":{"start":{"line":208,"column":17},"end":{"line":208,"column":18}},"loc":{"start":{"line":208,"column":26},"end":{"line":208,"column":54}},"line":208},"17":{"name":"(anonymous_17)","decl":{"start":{"line":209,"column":18},"end":{"line":209,"column":19}},"loc":{"start":{"line":209,"column":28},"end":{"line":209,"column":58}},"line":209},"18":{"name":"(anonymous_18)","decl":{"start":{"line":210,"column":20},"end":{"line":210,"column":21}},"loc":{"start":{"line":210,"column":31},"end":{"line":210,"column":64}},"line":210}},"branchMap":{"0":{"loc":{"start":{"line":70,"column":8},"end":{"line":97,"column":9}},"type":"if","locations":[{"start":{"line":70,"column":8},"end":{"line":97,"column":9}},{"start":{"line":70,"column":8},"end":{"line":97,"column":9}}],"line":70},"1":{"loc":{"start":{"line":75,"column":16},"end":{"line":78,"column":17}},"type":"if","locations":[{"start":{"line":75,"column":16},"end":{"line":78,"column":17}},{"start":{"line":75,"column":16},"end":{"line":78,"column":17}}],"line":75},"2":{"loc":{"start":{"line":80,"column":31},"end":{"line":80,"column":66}},"type":"cond-expr","locations":[{"start":{"line":80,"column":42},"end":{"line":80,"column":57}},{"start":{"line":80,"column":60},"end":{"line":80,"column":66}}],"line":80},"3":{"loc":{"start":{"line":107,"column":8},"end":{"line":114,"column":9}},"type":"if","locations":[{"start":{"line":107,"column":8},"end":{"line":114,"column":9}},{"start":{"line":107,"column":8},"end":{"line":114,"column":9}}],"line":107},"4":{"loc":{"start":{"line":119,"column":8},"end":{"line":126,"column":9}},"type":"if","locations":[{"start":{"line":119,"column":8},"end":{"line":126,"column":9}},{"start":{"line":119,"column":8},"end":{"line":126,"column":9}}],"line":119},"5":{"loc":{"start":{"line":134,"column":20},"end":{"line":170,"column":26}},"type":"binary-expr","locations":[{"start":{"line":134,"column":20},"end":{"line":134,"column":42}},{"start":{"line":135,"column":20},"end":{"line":170,"column":26}}],"line":134},"6":{"loc":{"start":{"line":153,"column":36},"end":{"line":156,"column":53}},"type":"binary-expr","locations":[{"start":{"line":153,"column":36},"end":{"line":153,"column":60}},{"start":{"line":154,"column":36},"end":{"line":156,"column":53}}],"line":153},"7":{"loc":{"start":{"line":173,"column":20},"end":{"line":187,"column":26}},"type":"binary-expr","locations":[{"start":{"line":173,"column":20},"end":{"line":173,"column":41}},{"start":{"line":174,"column":20},"end":{"line":187,"column":26}}],"line":173},"8":{"loc":{"start":{"line":183,"column":32},"end":{"line":184,"column":48}},"type":"binary-expr","locations":[{"start":{"line":183,"column":32},"end":{"line":183,"column":55}},{"start":{"line":184,"column":32},"end":{"line":184,"column":48}}],"line":183}},"s":{"0":12,"1":12,"2":12,"3":12,"4":12,"5":12,"6":12,"7":12,"8":12,"9":12,"10":12,"11":12,"12":1,"13":1,"14":1,"15":14,"16":28,"17":14,"18":14,"19":14,"20":14,"21":14,"22":14,"23":14,"24":14,"25":14,"26":0,"27":1,"28":2,"29":1,"30":1,"31":2,"32":2,"33":1,"34":1,"35":15,"36":1,"37":1,"38":0,"39":1,"40":0,"41":0,"42":0,"43":0,"44":0,"45":0,"46":0},"f":{"0":12,"1":1,"2":1,"3":1,"4":14,"5":28,"6":14,"7":1,"8":2,"9":2,"10":15,"11":0,"12":0,"13":0,"14":0,"15":0,"16":0,"17":0,"18":0},"b":{"0":[14,0],"1":[14,0],"2":[14,0],"3":[1,1],"4":[1,1],"5":[15,1],"6":[1,1],"7":[15,14],"8":[14,14]},"_coverageSchema":"332fd63041d2c1bcb487cc26dd0d5f7d97098a6c","hash":"8c563bd4597494195f3d2adc83964d7d14c08d14"}
,"/Users/aditi/Documents/Career/brokerbay/src/conversation/conversation.js": {"path":"/Users/aditi/Documents/Career/brokerbay/src/conversation/conversation.js","statementMap":{"0":{"start":{"line":24,"column":8},"end":{"line":24,"column":21}},"1":{"start":{"line":26,"column":8},"end":{"line":29,"column":10}},"2":{"start":{"line":31,"column":8},"end":{"line":31,"column":32}},"3":{"start":{"line":33,"column":8},"end":{"line":33,"column":71}},"4":{"start":{"line":34,"column":8},"end":{"line":34,"column":59}},"5":{"start":{"line":35,"column":8},"end":{"line":35,"column":80}},"6":{"start":{"line":36,"column":8},"end":{"line":36,"column":71}},"7":{"start":{"line":40,"column":8},"end":{"line":40,"column":40}},"8":{"start":{"line":44,"column":8},"end":{"line":44,"column":67}},"9":{"start":{"line":48,"column":8},"end":{"line":50,"column":11}},"10":{"start":{"line":54,"column":8},"end":{"line":61,"column":9}},"11":{"start":{"line":55,"column":12},"end":{"line":55,"column":61}},"12":{"start":{"line":57,"column":12},"end":{"line":60,"column":15}},"13":{"start":{"line":65,"column":8},"end":{"line":65,"column":31}},"14":{"start":{"line":67,"column":8},"end":{"line":80,"column":9}},"15":{"start":{"line":68,"column":31},"end":{"line":72,"column":13}},"16":{"start":{"line":74,"column":12},"end":{"line":74,"column":97}},"17":{"start":{"line":76,"column":12},"end":{"line":79,"column":15}},"18":{"start":{"line":84,"column":8},"end":{"line":102,"column":15}},"19":{"start":{"line":85,"column":31},"end":{"line":85,"column":114}},"20":{"start":{"line":87,"column":29},"end":{"line":87,"column":31}},"21":{"start":{"line":89,"column":16},"end":{"line":91,"column":17}},"22":{"start":{"line":90,"column":20},"end":{"line":90,"column":49}},"23":{"start":{"line":93,"column":16},"end":{"line":101,"column":18}},"24":{"start":{"line":106,"column":8},"end":{"line":151,"column":10}},"25":{"start":{"line":116,"column":57},"end":{"line":116,"column":79}},"26":{"start":{"line":155,"column":0},"end":{"line":155,"column":28}},"27":{"start":{"line":157,"column":24},"end":{"line":163,"column":2}},"28":{"start":{"line":157,"column":34},"end":{"line":163,"column":1}},"29":{"start":{"line":165,"column":27},"end":{"line":169,"column":2}},"30":{"start":{"line":165,"column":40},"end":{"line":169,"column":1}},"31":{"start":{"line":166,"column":28},"end":{"line":166,"column":58}},"32":{"start":{"line":167,"column":31},"end":{"line":167,"column":64}},"33":{"start":{"line":168,"column":26},"end":{"line":168,"column":54}}},"fnMap":{"0":{"name":"(anonymous_0)","decl":{"start":{"line":23,"column":4},"end":{"line":23,"column":5}},"loc":{"start":{"line":23,"column":23},"end":{"line":37,"column":5}},"line":23},"1":{"name":"(anonymous_1)","decl":{"start":{"line":39,"column":4},"end":{"line":39,"column":5}},"loc":{"start":{"line":39,"column":41},"end":{"line":41,"column":5}},"line":39},"2":{"name":"(anonymous_2)","decl":{"start":{"line":43,"column":4},"end":{"line":43,"column":5}},"loc":{"start":{"line":43,"column":31},"end":{"line":45,"column":5}},"line":43},"3":{"name":"(anonymous_3)","decl":{"start":{"line":47,"column":4},"end":{"line":47,"column":5}},"loc":{"start":{"line":47,"column":31},"end":{"line":51,"column":5}},"line":47},"4":{"name":"(anonymous_4)","decl":{"start":{"line":53,"column":4},"end":{"line":53,"column":5}},"loc":{"start":{"line":53,"column":30},"end":{"line":62,"column":5}},"line":53},"5":{"name":"(anonymous_5)","decl":{"start":{"line":64,"column":4},"end":{"line":64,"column":5}},"loc":{"start":{"line":64,"column":25},"end":{"line":81,"column":5}},"line":64},"6":{"name":"(anonymous_6)","decl":{"start":{"line":83,"column":4},"end":{"line":83,"column":5}},"loc":{"start":{"line":83,"column":29},"end":{"line":103,"column":5}},"line":83},"7":{"name":"(anonymous_7)","decl":{"start":{"line":85,"column":20},"end":{"line":85,"column":21}},"loc":{"start":{"line":85,"column":31},"end":{"line":85,"column":114}},"line":85},"8":{"name":"(anonymous_8)","decl":{"start":{"line":86,"column":17},"end":{"line":86,"column":18}},"loc":{"start":{"line":86,"column":34},"end":{"line":102,"column":13}},"line":86},"9":{"name":"(anonymous_9)","decl":{"start":{"line":105,"column":4},"end":{"line":105,"column":5}},"loc":{"start":{"line":105,"column":13},"end":{"line":152,"column":5}},"line":105},"10":{"name":"(anonymous_10)","decl":{"start":{"line":116,"column":47},"end":{"line":116,"column":48}},"loc":{"start":{"line":116,"column":55},"end":{"line":116,"column":81}},"line":116},"11":{"name":"(anonymous_11)","decl":{"start":{"line":157,"column":24},"end":{"line":157,"column":25}},"loc":{"start":{"line":157,"column":34},"end":{"line":163,"column":1}},"line":157},"12":{"name":"(anonymous_12)","decl":{"start":{"line":165,"column":27},"end":{"line":165,"column":28}},"loc":{"start":{"line":165,"column":40},"end":{"line":169,"column":1}},"line":165},"13":{"name":"(anonymous_13)","decl":{"start":{"line":166,"column":17},"end":{"line":166,"column":18}},"loc":{"start":{"line":166,"column":28},"end":{"line":166,"column":58}},"line":166},"14":{"name":"(anonymous_14)","decl":{"start":{"line":167,"column":20},"end":{"line":167,"column":21}},"loc":{"start":{"line":167,"column":31},"end":{"line":167,"column":64}},"line":167},"15":{"name":"(anonymous_15)","decl":{"start":{"line":168,"column":17},"end":{"line":168,"column":18}},"loc":{"start":{"line":168,"column":26},"end":{"line":168,"column":54}},"line":168}},"branchMap":{"0":{"loc":{"start":{"line":54,"column":8},"end":{"line":61,"column":9}},"type":"if","locations":[{"start":{"line":54,"column":8},"end":{"line":61,"column":9}},{"start":{"line":54,"column":8},"end":{"line":61,"column":9}}],"line":54},"1":{"loc":{"start":{"line":67,"column":8},"end":{"line":80,"column":9}},"type":"if","locations":[{"start":{"line":67,"column":8},"end":{"line":80,"column":9}},{"start":{"line":67,"column":8},"end":{"line":80,"column":9}}],"line":67},"2":{"loc":{"start":{"line":85,"column":31},"end":{"line":85,"column":114}},"type":"binary-expr","locations":[{"start":{"line":85,"column":31},"end":{"line":85,"column":71}},{"start":{"line":85,"column":75},"end":{"line":85,"column":114}}],"line":85},"3":{"loc":{"start":{"line":89,"column":16},"end":{"line":91,"column":17}},"type":"if","locations":[{"start":{"line":89,"column":16},"end":{"line":91,"column":17}},{"start":{"line":89,"column":16},"end":{"line":91,"column":17}}],"line":89},"4":{"loc":{"start":{"line":130,"column":32},"end":{"line":133,"column":49}},"type":"binary-expr","locations":[{"start":{"line":130,"column":32},"end":{"line":130,"column":56}},{"start":{"line":131,"column":32},"end":{"line":133,"column":49}}],"line":130}},"s":{"0":6,"1":6,"2":6,"3":6,"4":6,"5":6,"6":6,"7":1,"8":1,"9":1,"10":2,"11":1,"12":1,"13":1,"14":1,"15":1,"16":1,"17":1,"18":10,"19":1,"20":1,"21":1,"22":1,"23":1,"24":10,"25":4,"26":1,"27":1,"28":0,"29":1,"30":0,"31":0,"32":0,"33":0},"f":{"0":6,"1":1,"2":1,"3":1,"4":2,"5":1,"6":10,"7":1,"8":1,"9":10,"10":4,"11":0,"12":0,"13":0,"14":0,"15":0},"b":{"0":[1,1],"1":[1,0],"2":[1,1],"3":[1,0],"4":[10,0]},"_coverageSchema":"332fd63041d2c1bcb487cc26dd0d5f7d97098a6c","hash":"5cbf70609371f8aadce234ad80c7d172eb9ae84f"}
,"/Users/aditi/Documents/Career/brokerbay/src/reducers/chat-reducer.js": {"path":"/Users/aditi/Documents/Career/brokerbay/src/reducers/chat-reducer.js","statementMap":{"0":{"start":{"line":10,"column":25},"end":{"line":20,"column":1}},"1":{"start":{"line":22,"column":20},"end":{"line":57,"column":1}},"2":{"start":{"line":23,"column":4},"end":{"line":56,"column":5}},"3":{"start":{"line":25,"column":12},"end":{"line":25,"column":25}},"4":{"start":{"line":27,"column":12},"end":{"line":30,"column":14}},"5":{"start":{"line":32,"column":12},"end":{"line":35,"column":14}},"6":{"start":{"line":37,"column":12},"end":{"line":40,"column":14}},"7":{"start":{"line":42,"column":12},"end":{"line":45,"column":14}},"8":{"start":{"line":47,"column":12},"end":{"line":50,"column":13}},"9":{"start":{"line":52,"column":12},"end":{"line":55,"column":14}}},"fnMap":{"0":{"name":"(anonymous_0)","decl":{"start":{"line":22,"column":20},"end":{"line":22,"column":21}},"loc":{"start":{"line":22,"column":58},"end":{"line":57,"column":1}},"line":22}},"branchMap":{"0":{"loc":{"start":{"line":22,"column":21},"end":{"line":22,"column":45}},"type":"default-arg","locations":[{"start":{"line":22,"column":29},"end":{"line":22,"column":45}}],"line":22},"1":{"loc":{"start":{"line":23,"column":4},"end":{"line":56,"column":5}},"type":"switch","locations":[{"start":{"line":24,"column":8},"end":{"line":25,"column":25}},{"start":{"line":26,"column":8},"end":{"line":30,"column":14}},{"start":{"line":31,"column":8},"end":{"line":35,"column":14}},{"start":{"line":36,"column":8},"end":{"line":40,"column":14}},{"start":{"line":41,"column":8},"end":{"line":45,"column":14}},{"start":{"line":46,"column":8},"end":{"line":50,"column":13}},{"start":{"line":51,"column":8},"end":{"line":55,"column":14}}],"line":23}},"s":{"0":1,"1":1,"2":7,"3":1,"4":1,"5":1,"6":1,"7":1,"8":1,"9":1},"f":{"0":7},"b":{"0":[0],"1":[1,1,1,1,1,1,1]},"_coverageSchema":"332fd63041d2c1bcb487cc26dd0d5f7d97098a6c","hash":"f843cff1609211bcd9cf18bdb4ddcdde714a12e8"}
}
