TN:
SF:/Users/aditi/Documents/Career/brokerbay/src/actions/chat-actions.js
FN:8,(anonymous_0)
FN:15,(anonymous_1)
FN:22,(anonymous_2)
FN:29,(anonymous_3)
FN:30,(anonymous_4)
FN:39,(anonymous_5)
FN:46,(anonymous_6)
FN:53,(anonymous_7)
FN:54,(anonymous_8)
FN:63,(anonymous_9)
FNF:10
FNH:10
FNDA:1,(anonymous_0)
FNDA:1,(anonymous_1)
FNDA:2,(anonymous_2)
FNDA:1,(anonymous_3)
FNDA:1,(anonymous_4)
FNDA:1,(anonymous_5)
FNDA:2,(anonymous_6)
FNDA:1,(anonymous_7)
FNDA:1,(anonymous_8)
FNDA:2,(anonymous_9)
DA:1,4
DA:2,4
DA:3,4
DA:4,4
DA:5,4
DA:6,4
DA:8,4
DA:9,1
DA:15,4
DA:16,1
DA:22,4
DA:23,2
DA:29,4
DA:30,1
DA:31,1
DA:35,1
DA:39,4
DA:40,1
DA:46,4
DA:47,2
DA:53,4
DA:54,1
DA:55,1
DA:63,4
DA:64,2
LF:25
LH:25
BRF:0
BRH:0
end_of_record
TN:
SF:/Users/aditi/Documents/Career/brokerbay/src/chat/chat.js
FN:33,(anonymous_0)
FN:55,(anonymous_1)
FN:59,(anonymous_2)
FN:63,(anonymous_3)
FN:67,(anonymous_4)
FN:68,(anonymous_5)
FN:71,(anonymous_6)
FN:100,(anonymous_7)
FN:106,(anonymous_8)
FN:117,(anonymous_9)
FN:129,(anonymous_10)
FN:196,(anonymous_11)
FN:204,(anonymous_12)
FN:205,(anonymous_13)
FN:206,(anonymous_14)
FN:207,(anonymous_15)
FN:208,(anonymous_16)
FN:209,(anonymous_17)
FN:210,(anonymous_18)
FNF:19
FNH:11
FNDA:12,(anonymous_0)
FNDA:1,(anonymous_1)
FNDA:1,(anonymous_2)
FNDA:1,(anonymous_3)
FNDA:14,(anonymous_4)
FNDA:28,(anonymous_5)
FNDA:14,(anonymous_6)
FNDA:1,(anonymous_7)
FNDA:2,(anonymous_8)
FNDA:2,(anonymous_9)
FNDA:15,(anonymous_10)
FNDA:0,(anonymous_11)
FNDA:0,(anonymous_12)
FNDA:0,(anonymous_13)
FNDA:0,(anonymous_14)
FNDA:0,(anonymous_15)
FNDA:0,(anonymous_16)
FNDA:0,(anonymous_17)
FNDA:0,(anonymous_18)
DA:34,12
DA:36,12
DA:40,12
DA:41,12
DA:42,12
DA:43,12
DA:44,12
DA:45,12
DA:47,12
DA:49,12
DA:50,12
DA:52,12
DA:56,1
DA:60,1
DA:64,1
DA:68,28
DA:70,14
DA:71,14
DA:72,14
DA:73,14
DA:75,14
DA:76,14
DA:77,14
DA:80,14
DA:82,14
DA:92,0
DA:101,1
DA:107,2
DA:108,1
DA:110,1
DA:118,2
DA:119,2
DA:120,1
DA:122,1
DA:130,15
DA:194,1
DA:196,1
DA:204,1
DA:205,0
DA:206,0
DA:207,0
DA:208,0
DA:209,0
DA:210,0
LF:44
LH:37
BRDA:70,0,0,14
BRDA:70,0,1,0
BRDA:75,1,0,14
BRDA:75,1,1,0
BRDA:80,2,0,14
BRDA:80,2,1,0
BRDA:107,3,0,1
BRDA:107,3,1,1
BRDA:119,4,0,1
BRDA:119,4,1,1
BRDA:134,5,0,15
BRDA:134,5,1,1
BRDA:153,6,0,1
BRDA:153,6,1,1
BRDA:173,7,0,15
BRDA:173,7,1,14
BRDA:183,8,0,14
BRDA:183,8,1,14
BRF:18
BRH:15
end_of_record
TN:
SF:/Users/aditi/Documents/Career/brokerbay/src/conversation/conversation.js
FN:23,(anonymous_0)
FN:39,(anonymous_1)
FN:43,(anonymous_2)
FN:47,(anonymous_3)
FN:53,(anonymous_4)
FN:64,(anonymous_5)
FN:83,(anonymous_6)
FN:85,(anonymous_7)
FN:86,(anonymous_8)
FN:105,(anonymous_9)
FN:116,(anonymous_10)
FN:157,(anonymous_11)
FN:165,(anonymous_12)
FN:166,(anonymous_13)
FN:167,(anonymous_14)
FN:168,(anonymous_15)
FNF:16
FNH:11
FNDA:6,(anonymous_0)
FNDA:1,(anonymous_1)
FNDA:1,(anonymous_2)
FNDA:1,(anonymous_3)
FNDA:2,(anonymous_4)
FNDA:1,(anonymous_5)
FNDA:10,(anonymous_6)
FNDA:1,(anonymous_7)
FNDA:1,(anonymous_8)
FNDA:10,(anonymous_9)
FNDA:4,(anonymous_10)
FNDA:0,(anonymous_11)
FNDA:0,(anonymous_12)
FNDA:0,(anonymous_13)
FNDA:0,(anonymous_14)
FNDA:0,(anonymous_15)
DA:24,6
DA:26,6
DA:31,6
DA:33,6
DA:34,6
DA:35,6
DA:36,6
DA:40,1
DA:44,1
DA:48,1
DA:54,2
DA:55,1
DA:57,1
DA:65,1
DA:67,1
DA:68,1
DA:74,1
DA:76,1
DA:84,10
DA:85,1
DA:87,1
DA:89,1
DA:90,1
DA:93,1
DA:106,10
DA:116,4
DA:155,1
DA:157,1
DA:165,1
DA:166,0
DA:167,0
DA:168,0
LF:32
LH:29
BRDA:54,0,0,1
BRDA:54,0,1,1
BRDA:67,1,0,1
BRDA:67,1,1,0
BRDA:85,2,0,1
BRDA:85,2,1,1
BRDA:89,3,0,1
BRDA:89,3,1,0
BRDA:130,4,0,10
BRDA:130,4,1,0
BRF:10
BRH:7
end_of_record
TN:
SF:/Users/aditi/Documents/Career/brokerbay/src/reducers/chat-reducer.js
FN:22,(anonymous_0)
FNF:1
FNH:1
FNDA:7,(anonymous_0)
DA:10,1
DA:22,1
DA:23,7
DA:25,1
DA:27,1
DA:32,1
DA:37,1
DA:42,1
DA:47,1
DA:52,1
LF:10
LH:10
BRDA:22,0,0,0
BRDA:23,1,0,1
BRDA:23,1,1,1
BRDA:23,1,2,1
BRDA:23,1,3,1
BRDA:23,1,4,1
BRDA:23,1,5,1
BRDA:23,1,6,1
BRF:8
BRH:7
end_of_record
